<?xml version="1.0" encoding="UTF-8"?>
<!-- Generated by org.testng.reporters.JUnitReportReporter -->
<testsuite hostname="User" failures="0" tests="1" name="scripts.Testcase1" time="14.156" errors="0" timestamp="2022-08-23T14:36:10 IST" skipped="0">
  <testcase classname="scripts.Testcase1" name="tc1" time="14.156"/>
  <system-out/>
</testsuite> <!-- scripts.Testcase1 -->
