<?xml version="1.0" encoding="UTF-8"?>
<!-- Generated by org.testng.reporters.JUnitReportReporter -->
<testsuite hostname="User" failures="0" tests="1" name="scripts.Testcase2" time="19.206" errors="0" timestamp="2022-08-23T16:31:40 IST" skipped="0">
  <testcase classname="scripts.Testcase2" name="tc2" time="19.206"/>
  <system-out/>
</testsuite> <!-- scripts.Testcase2 -->
